peatio:amqp:matching: process with pid 10316 started.
I, [2018-09-13T22:29:01.588658 #10316]  INFO -- : Connected to AMQP broker (prefetch: default)
D, [2018-09-13T22:29:01.591457 #10316] DEBUG -- : orderbook broadcast: {:action=>"new", :market=>"btccny", :side=>:ask}
D, [2018-09-13T22:29:01.786457 #10316] DEBUG -- : orderbook broadcast: {:action=>"new", :market=>"btccny", :side=>:bid}
I, [2018-09-13T22:29:02.520008 #10316]  INFO -- : btccny engine already started. mode=run
I, [2018-09-13T22:29:02.520175 #10316]  INFO -- : All engines reloaded.
/root/.rbenv/versions/2.2.1/lib/ruby/gems/2.2.0/gems/bunny-1.2.1/lib/bunny/consumer_work_pool.rb:55:in `join': Connection-level error: CONNECTION_FORCED - broker forced connection closure with reason 'shutdown' (Bunny::ConnectionForced)
	from /root/.rbenv/versions/2.2.1/lib/ruby/gems/2.2.0/gems/bunny-1.2.1/lib/bunny/consumer_work_pool.rb:55:in `block in join'
	from /root/.rbenv/versions/2.2.1/lib/ruby/gems/2.2.0/gems/bunny-1.2.1/lib/bunny/consumer_work_pool.rb:55:in `each'
	from /root/.rbenv/versions/2.2.1/lib/ruby/gems/2.2.0/gems/bunny-1.2.1/lib/bunny/consumer_work_pool.rb:55:in `join'
	from /root/graviex/lib/daemons/amqp_daemon.rb:81:in `<top (required)>'
	from /root/.rbenv/versions/2.2.1/lib/ruby/gems/2.2.0/gems/daemons-1.1.9/lib/daemons/application.rb:203:in `load'
	from /root/.rbenv/versions/2.2.1/lib/ruby/gems/2.2.0/gems/daemons-1.1.9/lib/daemons/application.rb:203:in `start_load'
	from /root/.rbenv/versions/2.2.1/lib/ruby/gems/2.2.0/gems/daemons-1.1.9/lib/daemons/application.rb:298:in `start'
	from /root/.rbenv/versions/2.2.1/lib/ruby/gems/2.2.0/gems/daemons-1.1.9/lib/daemons/controller.rb:70:in `run'
	from /root/.rbenv/versions/2.2.1/lib/ruby/gems/2.2.0/gems/daemons-1.1.9/lib/daemons.rb:147:in `block in run'
	from /root/.rbenv/versions/2.2.1/lib/ruby/gems/2.2.0/gems/daemons-1.1.9/lib/daemons/cmdline.rb:109:in `call'
	from /root/.rbenv/versions/2.2.1/lib/ruby/gems/2.2.0/gems/daemons-1.1.9/lib/daemons/cmdline.rb:109:in `catch_exceptions'
	from /root/.rbenv/versions/2.2.1/lib/ruby/gems/2.2.0/gems/daemons-1.1.9/lib/daemons.rb:146:in `run'
	from /root/.rbenv/versions/2.2.1/lib/ruby/gems/2.2.0/gems/daemons-rails-1.2.1/lib/daemons/rails.rb:16:in `run'
	from lib/daemons/matching_ctl:11:in `<main>'
